Using pre-set license
Built from '2020.3/staging' branch; Version is '2020.3.14f1 (d0d1bb862f9d) revision 13685179'; Using compiler version '192528614'; Build Type 'Release'
OS: 'Windows 10 Education; OS build 22000.348; Version 2009; 64bit' Language: 'en' Physical Memory: 7065 MB
BatchMode: 1, IsHumanControllingUs: 0, StartBugReporterOnCrash: 0, Is64bit: 1, IsPro: 0

 COMMAND LINE ARGUMENTS:
E:\Unity\2020.3.14f1\Editor\Unity.exe
-adb2
-batchMode
-noUpm
-name
AssetImportWorker1
-projectPath
E:/Unity/MyProject/pasak book
-logFile
Logs/AssetImportWorker1.log
-srvPort
49183
Successfully changed project path to: E:/Unity/MyProject/pasak book
E:/Unity/MyProject/pasak book
Using Asset Import Pipeline V2.
Refreshing native plugins compatible for Editor in 96.13 ms, found 2 plugins.
Preloading 0 native plugins for Editor in 0.00 ms.
Initialize engine version: 2020.3.14f1 (d0d1bb862f9d)
[Subsystems] Discovering subsystems at path E:/Unity/2020.3.14f1/Editor/Data/Resources/UnitySubsystems
[Subsystems] Discovering subsystems at path E:/Unity/MyProject/pasak book/Assets
GfxDevice: creating device client; threaded=0
Direct3D:
    Version:  Direct3D 11.0 [level 11.1]
    Renderer: AMD Radeon(TM) Vega 8 Graphics (ID=0x15dd)
    Vendor:   
    VRAM:     3532 MB
    Driver:   30.0.13025.5005
Initialize mono
Mono path[0] = 'E:/Unity/2020.3.14f1/Editor/Data/Managed'
Mono path[1] = 'E:/Unity/2020.3.14f1/Editor/Data/MonoBleedingEdge/lib/mono/unityjit'
Mono config path = 'E:/Unity/2020.3.14f1/Editor/Data/MonoBleedingEdge/etc'
Using monoOptions --debugger-agent=transport=dt_socket,embedding=1,server=y,suspend=n,address=127.0.0.1:56888
Begin MonoManager ReloadAssembly
Registering precompiled unity dll's ...
Register platform support module: E:/Unity/2020.3.14f1/Editor/Data/PlaybackEngines/WindowsStandaloneSupport/UnityEditor.WindowsStandalone.Extensions.dll
Registered in 0.003706 seconds.
Native extension for WindowsStandalone target not found
Refreshing native plugins compatible for Editor in 64.80 ms, found 2 plugins.
Preloading 0 native plugins for Editor in 0.00 ms.
Mono: successfully reloaded assembly
- Completed reload, in  5.502 seconds
Domain Reload Profiling:
	ReloadAssembly (5503ms)
		BeginReloadAssembly (183ms)
			ExecutionOrderSort (0ms)
			DisableScriptedObjects (0ms)
			BackupInstance (0ms)
			ReleaseScriptingObjects (0ms)
			CreateAndSetChildDomain (2ms)
		EndReloadAssembly (804ms)
			LoadAssemblies (178ms)
			RebuildTransferFunctionScriptingTraits (0ms)
			SetupTypeCache (251ms)
			ReleaseScriptCaches (0ms)
			RebuildScriptCaches (68ms)
			SetupLoadedEditorAssemblies (354ms)
				LogAssemblyErrors (0ms)
				InitializePlatformSupportModulesInManaged (8ms)
				SetLoadedEditorAssemblies (0ms)
				RefreshPlugins (65ms)
				BeforeProcessingInitializeOnLoad (20ms)
				ProcessInitializeOnLoadAttributes (175ms)
				ProcessInitializeOnLoadMethodAttributes (85ms)
				AfterProcessingInitializeOnLoad (0ms)
				EditorAssembliesLoaded (1ms)
			ExecutionOrderSort2 (0ms)
			AwakeInstancesAfterBackupRestoration (0ms)
Platform modules already initialized, skipping
Registering precompiled user dll's ...
Registered in 0.016288 seconds.
Begin MonoManager ReloadAssembly
Native extension for WindowsStandalone target not found
Refreshing native plugins compatible for Editor in 0.67 ms, found 2 plugins.
Preloading 0 native plugins for Editor in 0.00 ms.
Mono: successfully reloaded assembly
- Completed reload, in  6.002 seconds
Domain Reload Profiling:
	ReloadAssembly (6013ms)
		BeginReloadAssembly (261ms)
			ExecutionOrderSort (0ms)
			DisableScriptedObjects (10ms)
			BackupInstance (0ms)
			ReleaseScriptingObjects (0ms)
			CreateAndSetChildDomain (35ms)
		EndReloadAssembly (5628ms)
			LoadAssemblies (3612ms)
			RebuildTransferFunctionScriptingTraits (0ms)
			SetupTypeCache (1010ms)
			ReleaseScriptCaches (1ms)
			RebuildScriptCaches (102ms)
			SetupLoadedEditorAssemblies (690ms)
				LogAssemblyErrors (0ms)
				InitializePlatformSupportModulesInManaged (10ms)
				SetLoadedEditorAssemblies (1ms)
				RefreshPlugins (1ms)
				BeforeProcessingInitializeOnLoad (217ms)
				ProcessInitializeOnLoadAttributes (444ms)
				ProcessInitializeOnLoadMethodAttributes (9ms)
				AfterProcessingInitializeOnLoad (7ms)
				EditorAssembliesLoaded (0ms)
			ExecutionOrderSort2 (0ms)
			AwakeInstancesAfterBackupRestoration (14ms)
Platform modules already initialized, skipping
========================================================================
Worker process is ready to serve import requests
Launched and connected shader compiler UnityShaderCompiler.exe after 0.11 seconds
Refreshing native plugins compatible for Editor in 0.49 ms, found 2 plugins.
Preloading 0 native plugins for Editor in 0.00 ms.
Unloading 1775 Unused Serialized files (Serialized files now loaded: 0)
System memory in use before: 152.9 MB.
System memory in use after: 153.0 MB.

Unloading 20 unused Assets to reduce memory usage. Loaded Objects now: 2214.
Total: 4.011200 ms (FindLiveObjects: 0.243700 ms CreateObjectMapping: 0.063400 ms MarkObjects: 3.560900 ms  DeleteObjects: 0.141300 ms)

AssetImportParameters requested are different than current active one (requested -> active):
  custom:framework-win-MediaFoundation: 216162199b28c13a410421893ffa2e32 -> 
  custom:video-decoder-ogg-theora: a1e56fd34408186e4bbccfd4996cb3dc -> 
  custom:container-muxer-webm: aa71ff27fc2769a1b78a27578f13a17b -> 
  custom:container-demuxer-webm: 4f35f7cbe854078d1ac9338744f61a02 -> 
  custom:container-demuxer-ogg: 62fdf1f143b41e24485cea50d1cbac27 -> 
  custom:video-encoder-webm-vp8: eb34c28f22e8b96e1ab97ce403110664 -> 
  custom:video-codec-MediaFoundation-h265: 746d11721c4dcdbdad8f713fa42b33f4 -> 
  custom:video-decoder-webm-vp8: 9c59270c3fd7afecdb556c50c9e8de78 -> 
  custom:audio-decoder-ogg-vorbis: bf7c407c2cedff20999df2af8eb42d56 -> 
  custom:audio-encoder-webm-vorbis: bf7c407c2cedff20999df2af8eb42d56 -> 
========================================================================
Received Import Request.
  path: Assets/Main/scripts/PlaceObjectOnPlane.cs
  artifactKey: Guid(e53c6898b58a23e43aeb68e4f5b845da) Importer(815301076,1909f56bfc062723c751e8b465ee728b)
Start importing Assets/Main/scripts/PlaceObjectOnPlane.cs using Guid(e53c6898b58a23e43aeb68e4f5b845da) Importer(815301076,1909f56bfc062723c751e8b465ee728b)  -> (artifact id: 'f032c1a7a3cb6f4f4830c0c453f0f1d1') in 0.073616 seconds 
  Import took 0.080468 seconds .

========================================================================
Received Import Request.
  Time since last request: 0.001262 seconds.
  path: Assets/Main/scripts/InterfaceController.cs
  artifactKey: Guid(539ec43d5938b5a41be9903c97259726) Importer(815301076,1909f56bfc062723c751e8b465ee728b)
Start importing Assets/Main/scripts/InterfaceController.cs using Guid(539ec43d5938b5a41be9903c97259726) Importer(815301076,1909f56bfc062723c751e8b465ee728b)  -> (artifact id: 'bce78c856e6677a6c9476dc160639786') in 0.017186 seconds 
  Import took 0.022133 seconds .

========================================================================
Received Import Request.
  Time since last request: 102.004159 seconds.
  path: Assets/Main/pref/quiz.prefab
  artifactKey: Guid(c10ebad65d635024fb2613cbe046736a) Importer(815301076,1909f56bfc062723c751e8b465ee728b)
Start importing Assets/Main/pref/quiz.prefab using Guid(c10ebad65d635024fb2613cbe046736a) Importer(815301076,1909f56bfc062723c751e8b465ee728b)  -> (artifact id: '3f741918ae54fcb50d44fbe147054ffb') in 0.673875 seconds 
  Import took 0.681847 seconds .

AssetImportWorkerClient::OnTransportError - code=2 error=End of file
